25::10::2022 18:25:05 [main] INFO  com.exhibit.dao.UserDao  findByLogin problems with findByUser
25::10::2022 18:48:35 [main] INFO  com.exhibit.dao.ConnectionPool  commitAndClose Problems with close connection
25::10::2022 18:49:46 [main] INFO  com.exhibit.dao.ConnectionPool  commitAndClose Problems with close connection
25::10::2022 18:51:28 [main] INFO  com.exhibit.dao.ConnectionPool  commitAndClose Problems with close connection
25::10::2022 18:51:50 [main] INFO  com.exhibit.dao.ConnectionPool  commitAndClose Problems with close connection
25::10::2022 18:52:37 [main] INFO  com.exhibit.dao.ConnectionPool  getConnection Problems with getConnection
25::10::2022 18:53:22 [main] INFO  com.exhibit.dao.ConnectionPool  commitAndClose Problems with close connection
25::10::2022 18:53:53 [main] INFO  com.exhibit.dao.ConnectionPool  getConnection Problems with getConnection
25::10::2022 18:54:06 [main] INFO  com.exhibit.dao.ConnectionPool  commitAndClose Problems with close connection
25::10::2022 18:55:04 [main] INFO  com.exhibit.dao.ConnectionPool  getConnection Problems with getConnection
25::10::2022 18:55:44 [main] INFO  com.exhibit.dao.ConnectionPool  commitAndClose Problems with close connection
25::10::2022 19:16:46 [main] ERROR com.exhibit.dao.UserDao  findByLogin Problems user findByLogin
25::10::2022 19:17:21 [main] ERROR com.exhibit.dao.UserDao  findByLogin admin
25::10::2022 19:17:51 [main] INFO  com.exhibit.dao.UserDao  findByLogin admin
25::10::2022 19:42:14 [main] INFO  com.exhibit.dao.UserDao  update Problems with user update
25::10::2022 19:43:05 [main] INFO  com.exhibit.dao.UserDao  update Problems with user update
25::10::2022 19:43:55 [main] INFO  com.exhibit.dao.UserDao  update Problems with user update
25::10::2022 19:47:12 [main] INFO  com.exhibit.dao.UserDao  update Problems with user update
25::10::2022 19:47:12 [main] INFO  com.exhibit.dao.UserDao  buyTicket Problems with user buyTicket
25::10::2022 19:48:03 [main] INFO  com.exhibit.dao.UserDao  update Problems with user update
25::10::2022 19:48:03 [main] INFO  com.exhibit.dao.UserDao  buyTicket Problems with user buyTicket
25::10::2022 20:01:38 [main] ERROR com.exhibit.dao.UserDao  delete Problems with user delete
25::10::2022 23:39:55 [main] ERROR com.exhibit.dao.UserDao  findByLogin java.sql.SQLException: Parameter index out of range (3 > number of parameters, which is 1).
26::10::2022 00:17:26 [main] ERROR com.exhibit.dao.UserDao  delete Problems with user delete
26::10::2022 22:29:04 [main] ERROR com.exhibit.dao.impl.HallDao  getHallByExhibitionId java.sql.SQLException: Column 'id' not found.
26::10::2022 22:41:44 [main] ERROR com.exhibit.dao.impl.HallDao  getHallByExhibitionId java.sql.SQLException: Column 'id' not found.
27::10::2022 00:59:20 [main] ERROR com.exhibit.dao.impl.ExhibitionDao  add Problems with exhibition input
27::10::2022 01:00:53 [main] ERROR com.exhibit.dao.impl.ExhibitionDao  add Problems with exhibition input
27::10::2022 01:04:37 [main] ERROR com.exhibit.dao.impl.ExhibitionDao  add Problems with exhibition input
27::10::2022 11:20:46 [main] ERROR com.exhibit.dao.impl.ExhibitionDao  findByDatePerPage java.sql.SQLException: No value specified for parameter 3
27::10::2022 11:20:46 [main] ERROR com.exhibit.dao.impl.ExhibitionDao  findByDatePerPage java.sql.SQLException: No value specified for parameter 3
27::10::2022 11:20:46 [main] ERROR com.exhibit.dao.impl.ExhibitionDao  findByDatePerPage java.sql.SQLException: No value specified for parameter 3
27::10::2022 11:20:46 [main] ERROR com.exhibit.dao.impl.ExhibitionDao  findByDatePerPage java.sql.SQLException: No value specified for parameter 3
27::10::2022 11:21:48 [main] ERROR com.exhibit.dao.impl.ExhibitionDao  findByDatePerPage java.sql.SQLSyntaxErrorException: You have an error in your SQL syntax; check the manual that corresponds to your MySQL server version for the right syntax to use near 'ORDER BY start_date OFFSET 0' at line 1
27::10::2022 11:21:48 [main] ERROR com.exhibit.dao.impl.ExhibitionDao  findByDatePerPage java.sql.SQLSyntaxErrorException: You have an error in your SQL syntax; check the manual that corresponds to your MySQL server version for the right syntax to use near 'ORDER BY start_date OFFSET 0' at line 1
27::10::2022 11:21:48 [main] ERROR com.exhibit.dao.impl.ExhibitionDao  findByDatePerPage java.sql.SQLSyntaxErrorException: You have an error in your SQL syntax; check the manual that corresponds to your MySQL server version for the right syntax to use near 'ORDER BY start_date OFFSET 0' at line 1
27::10::2022 11:21:48 [main] ERROR com.exhibit.dao.impl.ExhibitionDao  findByDatePerPage java.sql.SQLSyntaxErrorException: You have an error in your SQL syntax; check the manual that corresponds to your MySQL server version for the right syntax to use near 'ORDER BY start_date OFFSET 0' at line 1
27::10::2022 11:23:21 [main] ERROR com.exhibit.dao.impl.ExhibitionDao  findByDatePerPage java.sql.SQLSyntaxErrorException: You have an error in your SQL syntax; check the manual that corresponds to your MySQL server version for the right syntax to use near 'ORDER BY start_date OFFSET 1' at line 1
27::10::2022 11:23:21 [main] ERROR com.exhibit.dao.impl.ExhibitionDao  findByDatePerPage java.sql.SQLSyntaxErrorException: You have an error in your SQL syntax; check the manual that corresponds to your MySQL server version for the right syntax to use near 'ORDER BY start_date OFFSET 1' at line 1
27::10::2022 11:23:21 [main] ERROR com.exhibit.dao.impl.ExhibitionDao  findByDatePerPage java.sql.SQLSyntaxErrorException: You have an error in your SQL syntax; check the manual that corresponds to your MySQL server version for the right syntax to use near 'ORDER BY start_date OFFSET 1' at line 1
27::10::2022 11:23:21 [main] ERROR com.exhibit.dao.impl.ExhibitionDao  findByDatePerPage java.sql.SQLSyntaxErrorException: You have an error in your SQL syntax; check the manual that corresponds to your MySQL server version for the right syntax to use near 'ORDER BY start_date OFFSET 1' at line 1
27::10::2022 20:49:46 [main] ERROR com.exhibit.dao.impl.ExhibitionDao  findByDatePerPage java.sql.SQLSyntaxErrorException: You have an error in your SQL syntax; check the manual that corresponds to your MySQL server version for the right syntax to use near 'ORDER BY start_date OFFSET 0' at line 1
27::10::2022 20:49:46 [main] ERROR com.exhibit.dao.impl.ExhibitionDao  findByDatePerPage java.sql.SQLSyntaxErrorException: You have an error in your SQL syntax; check the manual that corresponds to your MySQL server version for the right syntax to use near 'ORDER BY start_date OFFSET 0' at line 1
27::10::2022 20:49:46 [main] ERROR com.exhibit.dao.impl.ExhibitionDao  findByDatePerPage java.sql.SQLSyntaxErrorException: You have an error in your SQL syntax; check the manual that corresponds to your MySQL server version for the right syntax to use near 'ORDER BY start_date OFFSET 0' at line 1
27::10::2022 20:49:46 [main] ERROR com.exhibit.dao.impl.ExhibitionDao  findByDatePerPage java.sql.SQLSyntaxErrorException: You have an error in your SQL syntax; check the manual that corresponds to your MySQL server version for the right syntax to use near 'ORDER BY start_date OFFSET 0' at line 1
27::10::2022 21:14:20 [main] ERROR com.exhibit.util.ConnectionPool  getConnection Problems with getConnection
03::11::2022 02:45:23 [main] ERROR com.exhibit.dao.connection.TestConnectionManager  getConnection Problems with getConnection
03::11::2022 02:46:02 [main] ERROR com.exhibit.dao.connection.TestConnectionManager  getConnection Problems with getConnection
03::11::2022 02:48:26 [main] ERROR com.exhibit.dao.connection.TestConnectionManager  getConnection Problems with getConnection
03::11::2022 02:54:23 [main] ERROR com.exhibit.dao.connection.TestConnectionManager  getConnection Problems with getConnection
03::11::2022 02:57:03 [main] ERROR com.exhibit.dao.connection.TestConnectionManager  getConnection Problems with getConnection
03::11::2022 03:24:38 [main] ERROR com.exhibit.dao.connection.TestConnectionManager  getConnection Problems with getConnection
03::11::2022 04:37:25 [main] ERROR com.exhibit.dao.connection.TestConnectionManager  getConnection Problems with getConnection
03::11::2022 04:39:23 [main] ERROR com.exhibit.dao.connection.TestConnectionManager  getConnection Problems with getConnection
07::11::2022 04:08:51 [main] ERROR com.exhibit.dao.connection.TestConnectionManager  rollbackConnection java.sql.SQLIntegrityConstraintViolationException: Cannot add or update a child row: a foreign key constraint fails (`exhibition_db_test`.`exhibition_halls`, CONSTRAINT `fk_exhibition_has_hall_hall1` FOREIGN KEY (`hall_id`) REFERENCES `hall` (`id`) ON DELETE CASCADE ON UPDATE CASCADE)
07::11::2022 04:08:51 [main] ERROR com.exhibit.dao.connection.TestConnectionManager  rollbackConnection java.sql.SQLIntegrityConstraintViolationException: Cannot add or update a child row: a foreign key constraint fails (`exhibition_db_test`.`exhibition_halls`, CONSTRAINT `fk_exhibition_has_hall_hall1` FOREIGN KEY (`hall_id`) REFERENCES `hall` (`id`) ON DELETE CASCADE ON UPDATE CASCADE)
07::11::2022 04:08:51 [main] ERROR com.exhibit.dao.connection.TestConnectionManager  rollbackConnection java.sql.SQLIntegrityConstraintViolationException: Cannot add or update a child row: a foreign key constraint fails (`exhibition_db_test`.`exhibition_halls`, CONSTRAINT `fk_exhibition_has_hall_hall1` FOREIGN KEY (`hall_id`) REFERENCES `hall` (`id`) ON DELETE CASCADE ON UPDATE CASCADE)
07::11::2022 04:08:51 [main] ERROR com.exhibit.dao.connection.TestConnectionManager  rollbackConnection java.sql.SQLIntegrityConstraintViolationException: Cannot add or update a child row: a foreign key constraint fails (`exhibition_db_test`.`exhibition_halls`, CONSTRAINT `fk_exhibition_has_hall_hall1` FOREIGN KEY (`hall_id`) REFERENCES `hall` (`id`) ON DELETE CASCADE ON UPDATE CASCADE)
07::11::2022 04:08:52 [main] ERROR com.exhibit.dao.connection.TestConnectionManager  rollbackConnection java.sql.SQLIntegrityConstraintViolationException: Cannot add or update a child row: a foreign key constraint fails (`exhibition_db_test`.`exhibition_halls`, CONSTRAINT `fk_exhibition_has_hall_hall1` FOREIGN KEY (`hall_id`) REFERENCES `hall` (`id`) ON DELETE CASCADE ON UPDATE CASCADE)
07::11::2022 04:08:52 [main] ERROR com.exhibit.dao.connection.TestConnectionManager  rollbackConnection java.sql.SQLIntegrityConstraintViolationException: Cannot add or update a child row: a foreign key constraint fails (`exhibition_db_test`.`exhibition_halls`, CONSTRAINT `fk_exhibition_has_hall_hall1` FOREIGN KEY (`hall_id`) REFERENCES `hall` (`id`) ON DELETE CASCADE ON UPDATE CASCADE)
07::11::2022 04:08:52 [main] ERROR com.exhibit.dao.connection.TestConnectionManager  rollbackConnection java.sql.SQLIntegrityConstraintViolationException: Cannot add or update a child row: a foreign key constraint fails (`exhibition_db_test`.`exhibition_halls`, CONSTRAINT `fk_exhibition_has_hall_hall1` FOREIGN KEY (`hall_id`) REFERENCES `hall` (`id`) ON DELETE CASCADE ON UPDATE CASCADE)
07::11::2022 04:08:52 [main] ERROR com.exhibit.dao.connection.TestConnectionManager  rollbackConnection java.sql.SQLIntegrityConstraintViolationException: Cannot add or update a child row: a foreign key constraint fails (`exhibition_db_test`.`exhibition_halls`, CONSTRAINT `fk_exhibition_has_hall_hall1` FOREIGN KEY (`hall_id`) REFERENCES `hall` (`id`) ON DELETE CASCADE ON UPDATE CASCADE)
07::11::2022 04:08:52 [main] ERROR com.exhibit.dao.connection.TestConnectionManager  rollbackConnection java.sql.SQLIntegrityConstraintViolationException: Cannot add or update a child row: a foreign key constraint fails (`exhibition_db_test`.`exhibition_halls`, CONSTRAINT `fk_exhibition_has_hall_hall1` FOREIGN KEY (`hall_id`) REFERENCES `hall` (`id`) ON DELETE CASCADE ON UPDATE CASCADE)
07::11::2022 04:08:52 [main] ERROR com.exhibit.dao.connection.TestConnectionManager  rollbackConnection java.sql.SQLIntegrityConstraintViolationException: Cannot add or update a child row: a foreign key constraint fails (`exhibition_db_test`.`exhibition_halls`, CONSTRAINT `fk_exhibition_has_hall_hall1` FOREIGN KEY (`hall_id`) REFERENCES `hall` (`id`) ON DELETE CASCADE ON UPDATE CASCADE)
07::11::2022 04:11:02 [main] ERROR com.exhibit.dao.connection.TestConnectionManager  rollbackConnection java.sql.SQLIntegrityConstraintViolationException: Cannot add or update a child row: a foreign key constraint fails (`exhibition_db_test`.`exhibition_halls`, CONSTRAINT `fk_exhibition_has_hall_hall1` FOREIGN KEY (`hall_id`) REFERENCES `hall` (`id`) ON DELETE CASCADE ON UPDATE CASCADE)
07::11::2022 04:12:19 [main] ERROR com.exhibit.dao.connection.TestConnectionManager  rollbackConnection java.sql.SQLIntegrityConstraintViolationException: Cannot add or update a child row: a foreign key constraint fails (`exhibition_db_test`.`exhibition_halls`, CONSTRAINT `fk_exhibition_has_hall_hall1` FOREIGN KEY (`hall_id`) REFERENCES `hall` (`id`) ON DELETE CASCADE ON UPDATE CASCADE)
07::11::2022 04:12:29 [main] ERROR com.exhibit.dao.connection.TestConnectionManager  rollbackConnection java.sql.SQLIntegrityConstraintViolationException: Cannot add or update a child row: a foreign key constraint fails (`exhibition_db_test`.`exhibition_halls`, CONSTRAINT `fk_exhibition_has_hall_hall1` FOREIGN KEY (`hall_id`) REFERENCES `hall` (`id`) ON DELETE CASCADE ON UPDATE CASCADE)
07::11::2022 04:12:29 [main] ERROR com.exhibit.dao.connection.TestConnectionManager  rollbackConnection java.sql.SQLIntegrityConstraintViolationException: Cannot add or update a child row: a foreign key constraint fails (`exhibition_db_test`.`exhibition_halls`, CONSTRAINT `fk_exhibition_has_hall_hall1` FOREIGN KEY (`hall_id`) REFERENCES `hall` (`id`) ON DELETE CASCADE ON UPDATE CASCADE)
07::11::2022 04:12:29 [main] ERROR com.exhibit.dao.connection.TestConnectionManager  rollbackConnection java.sql.SQLIntegrityConstraintViolationException: Cannot add or update a child row: a foreign key constraint fails (`exhibition_db_test`.`exhibition_halls`, CONSTRAINT `fk_exhibition_has_hall_hall1` FOREIGN KEY (`hall_id`) REFERENCES `hall` (`id`) ON DELETE CASCADE ON UPDATE CASCADE)
07::11::2022 04:12:29 [main] ERROR com.exhibit.dao.connection.TestConnectionManager  rollbackConnection java.sql.SQLIntegrityConstraintViolationException: Cannot add or update a child row: a foreign key constraint fails (`exhibition_db_test`.`exhibition_halls`, CONSTRAINT `fk_exhibition_has_hall_hall1` FOREIGN KEY (`hall_id`) REFERENCES `hall` (`id`) ON DELETE CASCADE ON UPDATE CASCADE)
07::11::2022 04:12:29 [main] ERROR com.exhibit.dao.connection.TestConnectionManager  rollbackConnection java.sql.SQLIntegrityConstraintViolationException: Cannot add or update a child row: a foreign key constraint fails (`exhibition_db_test`.`exhibition_halls`, CONSTRAINT `fk_exhibition_has_hall_hall1` FOREIGN KEY (`hall_id`) REFERENCES `hall` (`id`) ON DELETE CASCADE ON UPDATE CASCADE)
07::11::2022 04:12:29 [main] ERROR com.exhibit.dao.connection.TestConnectionManager  rollbackConnection java.sql.SQLIntegrityConstraintViolationException: Cannot add or update a child row: a foreign key constraint fails (`exhibition_db_test`.`exhibition_halls`, CONSTRAINT `fk_exhibition_has_hall_hall1` FOREIGN KEY (`hall_id`) REFERENCES `hall` (`id`) ON DELETE CASCADE ON UPDATE CASCADE)
07::11::2022 04:12:29 [main] ERROR com.exhibit.dao.connection.TestConnectionManager  rollbackConnection java.sql.SQLIntegrityConstraintViolationException: Cannot add or update a child row: a foreign key constraint fails (`exhibition_db_test`.`exhibition_halls`, CONSTRAINT `fk_exhibition_has_hall_hall1` FOREIGN KEY (`hall_id`) REFERENCES `hall` (`id`) ON DELETE CASCADE ON UPDATE CASCADE)
07::11::2022 04:12:29 [main] ERROR com.exhibit.dao.connection.TestConnectionManager  rollbackConnection java.sql.SQLIntegrityConstraintViolationException: Cannot add or update a child row: a foreign key constraint fails (`exhibition_db_test`.`exhibition_halls`, CONSTRAINT `fk_exhibition_has_hall_hall1` FOREIGN KEY (`hall_id`) REFERENCES `hall` (`id`) ON DELETE CASCADE ON UPDATE CASCADE)
07::11::2022 04:12:29 [main] ERROR com.exhibit.dao.connection.TestConnectionManager  rollbackConnection java.sql.SQLIntegrityConstraintViolationException: Cannot add or update a child row: a foreign key constraint fails (`exhibition_db_test`.`exhibition_halls`, CONSTRAINT `fk_exhibition_has_hall_hall1` FOREIGN KEY (`hall_id`) REFERENCES `hall` (`id`) ON DELETE CASCADE ON UPDATE CASCADE)
07::11::2022 04:12:29 [main] ERROR com.exhibit.dao.connection.TestConnectionManager  rollbackConnection java.sql.SQLIntegrityConstraintViolationException: Cannot add or update a child row: a foreign key constraint fails (`exhibition_db_test`.`exhibition_halls`, CONSTRAINT `fk_exhibition_has_hall_hall1` FOREIGN KEY (`hall_id`) REFERENCES `hall` (`id`) ON DELETE CASCADE ON UPDATE CASCADE)
07::11::2022 04:41:10 [main] ERROR com.exhibit.dao.connection.TestConnectionManager  rollbackConnection java.sql.SQLIntegrityConstraintViolationException: Duplicate entry '12-7' for key 'exhibition_halls.PRIMARY'
07::11::2022 04:41:10 [main] ERROR com.exhibit.dao.connection.TestConnectionManager  rollbackConnection java.sql.SQLIntegrityConstraintViolationException: Duplicate entry '14-3' for key 'exhibition_halls.PRIMARY'
07::11::2022 04:41:10 [main] ERROR com.exhibit.dao.connection.TestConnectionManager  rollbackConnection java.sql.SQLIntegrityConstraintViolationException: Cannot add or update a child row: a foreign key constraint fails (`exhibition_db_test`.`exhibition_halls`, CONSTRAINT `fk_exhibition_has_hall_hall1` FOREIGN KEY (`hall_id`) REFERENCES `hall` (`id`) ON DELETE CASCADE ON UPDATE CASCADE)
07::11::2022 04:42:39 [main] ERROR com.exhibit.dao.connection.TestConnectionManager  rollbackConnection java.sql.SQLIntegrityConstraintViolationException: Cannot add or update a child row: a foreign key constraint fails (`exhibition_db_test`.`exhibition_halls`, CONSTRAINT `fk_exhibition_has_hall_hall1` FOREIGN KEY (`hall_id`) REFERENCES `hall` (`id`) ON DELETE CASCADE ON UPDATE CASCADE)
07::11::2022 04:42:39 [main] ERROR com.exhibit.dao.connection.TestConnectionManager  rollbackConnection java.sql.SQLIntegrityConstraintViolationException: Cannot add or update a child row: a foreign key constraint fails (`exhibition_db_test`.`exhibition_halls`, CONSTRAINT `fk_exhibition_has_hall_hall1` FOREIGN KEY (`hall_id`) REFERENCES `hall` (`id`) ON DELETE CASCADE ON UPDATE CASCADE)
07::11::2022 04:42:39 [main] ERROR com.exhibit.dao.connection.TestConnectionManager  rollbackConnection java.sql.SQLIntegrityConstraintViolationException: Duplicate entry '22-4' for key 'exhibition_halls.PRIMARY'
07::11::2022 04:42:39 [main] ERROR com.exhibit.dao.connection.TestConnectionManager  rollbackConnection java.sql.SQLIntegrityConstraintViolationException: Duplicate entry '25-7' for key 'exhibition_halls.PRIMARY'
07::11::2022 04:42:39 [main] ERROR com.exhibit.dao.connection.TestConnectionManager  rollbackConnection java.sql.SQLIntegrityConstraintViolationException: Duplicate entry '26-6' for key 'exhibition_halls.PRIMARY'
07::11::2022 04:42:39 [main] ERROR com.exhibit.dao.connection.TestConnectionManager  rollbackConnection java.sql.SQLIntegrityConstraintViolationException: Cannot add or update a child row: a foreign key constraint fails (`exhibition_db_test`.`exhibition_halls`, CONSTRAINT `fk_exhibition_has_hall_hall1` FOREIGN KEY (`hall_id`) REFERENCES `hall` (`id`) ON DELETE CASCADE ON UPDATE CASCADE)
07::11::2022 04:43:56 [main] ERROR com.exhibit.dao.connection.TestConnectionManager  rollbackConnection java.sql.SQLIntegrityConstraintViolationException: Cannot add or update a child row: a foreign key constraint fails (`exhibition_db_test`.`exhibition_halls`, CONSTRAINT `fk_exhibition_has_hall_hall1` FOREIGN KEY (`hall_id`) REFERENCES `hall` (`id`) ON DELETE CASCADE ON UPDATE CASCADE)
07::11::2022 04:43:56 [main] ERROR com.exhibit.dao.connection.TestConnectionManager  rollbackConnection java.sql.SQLIntegrityConstraintViolationException: Duplicate entry '31-6' for key 'exhibition_halls.PRIMARY'
07::11::2022 04:43:56 [main] ERROR com.exhibit.dao.connection.TestConnectionManager  rollbackConnection java.sql.SQLIntegrityConstraintViolationException: Cannot add or update a child row: a foreign key constraint fails (`exhibition_db_test`.`exhibition_halls`, CONSTRAINT `fk_exhibition_has_hall_hall1` FOREIGN KEY (`hall_id`) REFERENCES `hall` (`id`) ON DELETE CASCADE ON UPDATE CASCADE)
07::11::2022 04:43:56 [main] ERROR com.exhibit.dao.connection.TestConnectionManager  rollbackConnection java.sql.SQLIntegrityConstraintViolationException: Duplicate entry '38-4' for key 'exhibition_halls.PRIMARY'
07::11::2022 04:46:05 [main] ERROR com.exhibit.dao.connection.TestConnectionManager  rollbackConnection java.sql.SQLIntegrityConstraintViolationException: Duplicate entry '47-6' for key 'exhibition_halls.PRIMARY'
07::11::2022 04:47:47 [main] ERROR com.exhibit.dao.connection.TestConnectionManager  rollbackConnection java.sql.SQLIntegrityConstraintViolationException: Duplicate entry '53-2' for key 'exhibition_halls.PRIMARY'
07::11::2022 04:47:47 [main] ERROR com.exhibit.dao.connection.TestConnectionManager  rollbackConnection java.sql.SQLIntegrityConstraintViolationException: Duplicate entry '54-7' for key 'exhibition_halls.PRIMARY'
07::11::2022 04:51:02 [main] ERROR com.exhibit.dao.connection.TestConnectionManager  rollbackConnection java.sql.SQLIntegrityConstraintViolationException: Cannot add or update a child row: a foreign key constraint fails (`exhibition_db_test`.`exhibition_halls`, CONSTRAINT `fk_exhibition_has_hall_hall1` FOREIGN KEY (`hall_id`) REFERENCES `hall` (`id`) ON DELETE CASCADE ON UPDATE CASCADE)
07::11::2022 04:51:02 [main] ERROR com.exhibit.dao.connection.TestConnectionManager  rollbackConnection java.sql.SQLIntegrityConstraintViolationException: Cannot add or update a child row: a foreign key constraint fails (`exhibition_db_test`.`exhibition_halls`, CONSTRAINT `fk_exhibition_has_hall_hall1` FOREIGN KEY (`hall_id`) REFERENCES `hall` (`id`) ON DELETE CASCADE ON UPDATE CASCADE)
